0 info it worked if it ends with ok
1 verbose cli [ 'C:\\Program Files\\nodejs\\node.exe',
1 verbose cli   'C:\\Program Files\\nodejs\\node_modules\\npm\\bin\\npm-cli.js',
1 verbose cli   'run',
1 verbose cli   'devstart' ]
2 info using npm@3.10.10
3 info using node@v6.10.3
4 verbose run-script [ 'predevstart', 'devstart', 'postdevstart' ]
5 info lifecycle student-task@0.0.0~predevstart: student-task@0.0.0
6 silly lifecycle student-task@0.0.0~predevstart: no script for predevstart, continuing
7 info lifecycle student-task@0.0.0~devstart: student-task@0.0.0
8 verbose lifecycle student-task@0.0.0~devstart: unsafe-perm in lifecycle true
9 verbose lifecycle student-task@0.0.0~devstart: PATH: C:\Program Files\nodejs\node_modules\npm\bin\node-gyp-bin;D:\learning\Mac_mis\Student_module\student_task\node_modules\.bin;C:\ProgramData\Oracle\Java\javapath;C:\Python27\Lib\site-packages\PyQt4;C:\WINDOWS\system32;C:\WINDOWS;C:\WINDOWS\System32\Wbem;C:\WINDOWS\System32\WindowsPowerShell\v1.0\;C:\Program Files (x86)\pythonxy\SciTE-3.5.1-4;C:\Program Files (x86)\pythonxy\console;C:\Program Files\Microsoft SQL Server\130\Tools\Binn\;C:\Program Files\dotnet\;C:\Program Files (x86)\Brackets\command;C:\Program Files\nodejs\;C:\Program Files\Git\bin;C:\Program Files\Git;C:\Program Files\Git\cmd;C:\Program Files\Heroku\bin;C:\Python36\libs;C:\Python36\Scripts\;C:\Python36\;C:\Users\Krishna'sSecret\AppData\Local\Microsoft\WindowsApps;C:\Users\Krishna'sSecret\AppData\Roaming\npm;C:\Program Files\MongoDB\Server\3.4\bin;C:\Program Files\Git\bin;C:\Program Files\Git;C:\Program Files\Heroku\bin;
10 verbose lifecycle student-task@0.0.0~devstart: CWD: D:\learning\Mac_mis\Student_module\student_task
11 silly lifecycle student-task@0.0.0~devstart: Args: [ '/d /s /c', 'nodemon ./bin/www' ]
12 verbose stack Error: kill ENOSYS
12 verbose stack     at exports._errnoException (util.js:1018:11)
12 verbose stack     at process.kill (internal/process.js:190:13)
12 verbose stack     at process.listener (C:\Program Files\nodejs\node_modules\npm\node_modules\npmlog\node_modules\gauge\node_modules\signal-exit\index.js:86:15)
12 verbose stack     at emitNone (events.js:91:20)
12 verbose stack     at process.emit (events.js:185:7)
12 verbose stack     at processEmit (C:\Program Files\nodejs\node_modules\npm\node_modules\npmlog\node_modules\gauge\node_modules\signal-exit\index.js:146:32)
12 verbose stack     at processEmit (C:\Program Files\nodejs\node_modules\npm\node_modules\npm-registry-client\node_modules\npmlog\node_modules\gauge\node_modules\signal-exit\index.js:146:32)
12 verbose stack     at Signal.wrap.onsignal (internal/process.js:217:44)
13 verbose cwd D:\learning\Mac_mis\Student_module\student_task
14 error Windows_NT 10.0.15063
15 error argv "C:\\Program Files\\nodejs\\node.exe" "C:\\Program Files\\nodejs\\node_modules\\npm\\bin\\npm-cli.js" "run" "devstart"
16 error node v6.10.3
17 error npm  v3.10.10
18 error code ENOSYS
19 error errno ENOSYS
20 error syscall kill
21 error kill ENOSYS
22 error If you need help, you may report this error at:
22 error     <https://github.com/npm/npm/issues>
23 verbose exit [ 1, true ]
